  Gnome_Fortress_ver_1.0.cpp
  Source_Game.cpp
C:\Users\Overlord\source\repos\Gnome_Fortress_ver_1.0\Gnome_Fortress_ver_1.0\Source_Game.cpp(199,7): warning C4101: buf: неиспользованная локальная переменная
C:\Users\Overlord\source\repos\Gnome_Fortress_ver_1.0\Gnome_Fortress_ver_1.0\Source_Game.cpp(269,57): warning C4244: аргумент: преобразование "int" в "float", возможна потеря данных
C:\Users\Overlord\source\repos\Gnome_Fortress_ver_1.0\Gnome_Fortress_ver_1.0\Source_Game.cpp(269,49): warning C4244: аргумент: преобразование "int" в "float", возможна потеря данных
C:\Users\Overlord\source\repos\Gnome_Fortress_ver_1.0\Gnome_Fortress_ver_1.0\Source_Game.cpp(270,57): warning C4244: аргумент: преобразование "int" в "float", возможна потеря данных
C:\Users\Overlord\source\repos\Gnome_Fortress_ver_1.0\Gnome_Fortress_ver_1.0\Source_Game.cpp(270,49): warning C4244: аргумент: преобразование "int" в "float", возможна потеря данных
C:\Users\Overlord\source\repos\Gnome_Fortress_ver_1.0\Gnome_Fortress_ver_1.0\Source_Game.cpp(271,56): warning C4244: аргумент: преобразование "int" в "float", возможна потеря данных
C:\Users\Overlord\source\repos\Gnome_Fortress_ver_1.0\Gnome_Fortress_ver_1.0\Source_Game.cpp(271,48): warning C4244: аргумент: преобразование "int" в "float", возможна потеря данных
C:\Users\Overlord\source\repos\Gnome_Fortress_ver_1.0\Gnome_Fortress_ver_1.0\Source_Game.cpp(272,56): warning C4244: аргумент: преобразование "int" в "float", возможна потеря данных
C:\Users\Overlord\source\repos\Gnome_Fortress_ver_1.0\Gnome_Fortress_ver_1.0\Source_Game.cpp(272,48): warning C4244: аргумент: преобразование "int" в "float", возможна потеря данных
C:\Users\Overlord\source\repos\Gnome_Fortress_ver_1.0\Gnome_Fortress_ver_1.0\Source_Game.cpp(273,59): warning C4244: аргумент: преобразование "int" в "float", возможна потеря данных
C:\Users\Overlord\source\repos\Gnome_Fortress_ver_1.0\Gnome_Fortress_ver_1.0\Source_Game.cpp(273,51): warning C4244: аргумент: преобразование "int" в "float", возможна потеря данных
C:\Users\Overlord\source\repos\Gnome_Fortress_ver_1.0\Gnome_Fortress_ver_1.0\Source_Game.cpp(274,50): warning C4244: аргумент: преобразование "int" в "float", возможна потеря данных
C:\Users\Overlord\source\repos\Gnome_Fortress_ver_1.0\Gnome_Fortress_ver_1.0\Source_Game.cpp(274,42): warning C4244: аргумент: преобразование "int" в "float", возможна потеря данных
C:\Users\Overlord\source\repos\Gnome_Fortress_ver_1.0\Gnome_Fortress_ver_1.0\Source_Game.cpp(275,59): warning C4244: аргумент: преобразование "int" в "float", возможна потеря данных
C:\Users\Overlord\source\repos\Gnome_Fortress_ver_1.0\Gnome_Fortress_ver_1.0\Source_Game.cpp(275,51): warning C4244: аргумент: преобразование "int" в "float", возможна потеря данных
C:\Users\Overlord\source\repos\Gnome_Fortress_ver_1.0\Gnome_Fortress_ver_1.0\Source_Game.cpp(276,64): warning C4244: аргумент: преобразование "int" в "float", возможна потеря данных
C:\Users\Overlord\source\repos\Gnome_Fortress_ver_1.0\Gnome_Fortress_ver_1.0\Source_Game.cpp(276,56): warning C4244: аргумент: преобразование "int" в "float", возможна потеря данных
C:\Users\Overlord\source\repos\Gnome_Fortress_ver_1.0\Gnome_Fortress_ver_1.0\Source_Game.cpp(277,64): warning C4244: аргумент: преобразование "int" в "float", возможна потеря данных
C:\Users\Overlord\source\repos\Gnome_Fortress_ver_1.0\Gnome_Fortress_ver_1.0\Source_Game.cpp(277,56): warning C4244: аргумент: преобразование "int" в "float", возможна потеря данных
C:\Users\Overlord\source\repos\Gnome_Fortress_ver_1.0\Gnome_Fortress_ver_1.0\Source_Game.cpp(278,66): warning C4244: аргумент: преобразование "int" в "float", возможна потеря данных
C:\Users\Overlord\source\repos\Gnome_Fortress_ver_1.0\Gnome_Fortress_ver_1.0\Source_Game.cpp(278,58): warning C4244: аргумент: преобразование "int" в "float", возможна потеря данных
C:\Users\Overlord\source\repos\Gnome_Fortress_ver_1.0\Gnome_Fortress_ver_1.0\Source_Game.cpp(279,55): warning C4244: аргумент: преобразование "int" в "float", возможна потеря данных
C:\Users\Overlord\source\repos\Gnome_Fortress_ver_1.0\Gnome_Fortress_ver_1.0\Source_Game.cpp(279,47): warning C4244: аргумент: преобразование "int" в "float", возможна потеря данных
C:\Users\Overlord\source\repos\Gnome_Fortress_ver_1.0\Gnome_Fortress_ver_1.0\Source_Game.cpp(286,93): warning C4244: аргумент: преобразование "int" в "float", возможна потеря данных
C:\Users\Overlord\source\repos\Gnome_Fortress_ver_1.0\Gnome_Fortress_ver_1.0\Source_Game.cpp(286,68): warning C4244: аргумент: преобразование "int" в "float", возможна потеря данных
C:\Users\Overlord\source\repos\Gnome_Fortress_ver_1.0\Gnome_Fortress_ver_1.0\Source_Game.cpp(287,93): warning C4244: аргумент: преобразование "int" в "float", возможна потеря данных
C:\Users\Overlord\source\repos\Gnome_Fortress_ver_1.0\Gnome_Fortress_ver_1.0\Source_Game.cpp(287,68): warning C4244: аргумент: преобразование "int" в "float", возможна потеря данных
C:\Users\Overlord\source\repos\Gnome_Fortress_ver_1.0\Gnome_Fortress_ver_1.0\Source_Game.cpp(288,97): warning C4244: аргумент: преобразование "int" в "float", возможна потеря данных
C:\Users\Overlord\source\repos\Gnome_Fortress_ver_1.0\Gnome_Fortress_ver_1.0\Source_Game.cpp(288,71): warning C4244: аргумент: преобразование "int" в "float", возможна потеря данных
C:\Users\Overlord\source\repos\Gnome_Fortress_ver_1.0\Gnome_Fortress_ver_1.0\Source_Game.cpp(295,88): warning C4244: аргумент: преобразование "int" в "float", возможна потеря данных
C:\Users\Overlord\source\repos\Gnome_Fortress_ver_1.0\Gnome_Fortress_ver_1.0\Source_Game.cpp(295,65): warning C4244: аргумент: преобразование "int" в "float", возможна потеря данных
C:\Users\Overlord\source\repos\Gnome_Fortress_ver_1.0\Gnome_Fortress_ver_1.0\Source_Game.cpp(296,86): warning C4244: аргумент: преобразование "int" в "float", возможна потеря данных
C:\Users\Overlord\source\repos\Gnome_Fortress_ver_1.0\Gnome_Fortress_ver_1.0\Source_Game.cpp(296,62): warning C4244: аргумент: преобразование "int" в "float", возможна потеря данных
C:\Users\Overlord\source\repos\Gnome_Fortress_ver_1.0\Gnome_Fortress_ver_1.0\Source_Game.cpp(297,86): warning C4244: аргумент: преобразование "int" в "float", возможна потеря данных
C:\Users\Overlord\source\repos\Gnome_Fortress_ver_1.0\Gnome_Fortress_ver_1.0\Source_Game.cpp(297,63): warning C4244: аргумент: преобразование "int" в "float", возможна потеря данных
C:\Users\Overlord\source\repos\Gnome_Fortress_ver_1.0\Gnome_Fortress_ver_1.0\Source_Game.cpp(298,93): warning C4244: аргумент: преобразование "int" в "float", возможна потеря данных
C:\Users\Overlord\source\repos\Gnome_Fortress_ver_1.0\Gnome_Fortress_ver_1.0\Source_Game.cpp(298,70): warning C4244: аргумент: преобразование "int" в "float", возможна потеря данных
C:\Users\Overlord\source\repos\Gnome_Fortress_ver_1.0\Gnome_Fortress_ver_1.0\Source_Game.cpp(305,150): warning C4244: аргумент: преобразование "int" в "float", возможна потеря данных
C:\Users\Overlord\source\repos\Gnome_Fortress_ver_1.0\Gnome_Fortress_ver_1.0\Source_Game.cpp(305,101): warning C4244: аргумент: преобразование "int" в "float", возможна потеря данных
C:\Users\Overlord\source\repos\Gnome_Fortress_ver_1.0\Gnome_Fortress_ver_1.0\Source_Game.cpp(307,141): warning C4244: аргумент: преобразование "int" в "float", возможна потеря данных
C:\Users\Overlord\source\repos\Gnome_Fortress_ver_1.0\Gnome_Fortress_ver_1.0\Source_Game.cpp(307,92): warning C4244: аргумент: преобразование "int" в "float", возможна потеря данных
C:\Users\Overlord\source\repos\Gnome_Fortress_ver_1.0\Gnome_Fortress_ver_1.0\Source_Game.cpp(313,150): warning C4244: аргумент: преобразование "int" в "float", возможна потеря данных
C:\Users\Overlord\source\repos\Gnome_Fortress_ver_1.0\Gnome_Fortress_ver_1.0\Source_Game.cpp(313,101): warning C4244: аргумент: преобразование "int" в "float", возможна потеря данных
C:\Users\Overlord\source\repos\Gnome_Fortress_ver_1.0\Gnome_Fortress_ver_1.0\Source_Game.cpp(315,141): warning C4244: аргумент: преобразование "int" в "float", возможна потеря данных
C:\Users\Overlord\source\repos\Gnome_Fortress_ver_1.0\Gnome_Fortress_ver_1.0\Source_Game.cpp(315,92): warning C4244: аргумент: преобразование "int" в "float", возможна потеря данных
C:\Users\Overlord\source\repos\Gnome_Fortress_ver_1.0\Gnome_Fortress_ver_1.0\Source_Game.cpp(321,152): warning C4244: аргумент: преобразование "int" в "float", возможна потеря данных
C:\Users\Overlord\source\repos\Gnome_Fortress_ver_1.0\Gnome_Fortress_ver_1.0\Source_Game.cpp(321,103): warning C4244: аргумент: преобразование "int" в "float", возможна потеря данных
C:\Users\Overlord\source\repos\Gnome_Fortress_ver_1.0\Gnome_Fortress_ver_1.0\Source_Game.cpp(322,155): warning C4244: аргумент: преобразование "int" в "float", возможна потеря данных
C:\Users\Overlord\source\repos\Gnome_Fortress_ver_1.0\Gnome_Fortress_ver_1.0\Source_Game.cpp(322,106): warning C4244: аргумент: преобразование "int" в "float", возможна потеря данных
C:\Users\Overlord\source\repos\Gnome_Fortress_ver_1.0\Gnome_Fortress_ver_1.0\Source_Game.cpp(363,85): warning C4018: >=: несоответствие типов со знаком и без знака
C:\Users\Overlord\source\repos\Gnome_Fortress_ver_1.0\Gnome_Fortress_ver_1.0\Source_Game.cpp(364,82): warning C4018: >=: несоответствие типов со знаком и без знака
  Создание кода...
C:\Users\Overlord\source\repos\Gnome_Fortress_ver_1.0\Gnome_Fortress_ver_1.0\Game.h(125): warning C4172: возвращение адреса локальной или временной переменной : ms
  Gnome_Fortress_ver_1.0.vcxproj -> C:\Users\Overlord\source\repos\Gnome_Fortress_ver_1.0\Debug\Gnome_Fortress_ver_1.0.exe
